#
# There is insufficient memory for the Java Runtime Environment to continue.
# Native memory allocation (mmap) failed to map 312475648 bytes for committing reserved memory.
# Possible reasons:
#   The system is out of physical RAM or swap space
#   In 32 bit mode, the process size limit was hit
# Possible solutions:
#   Reduce memory load on the system
#   Increase physical memory or swap space
#   Check if swap backing store is full
#   Use 64 bit Java on a 64 bit OS
#   Decrease Java heap size (-Xmx/-Xms)
#   Decrease number of Java threads
#   Decrease Java thread stack sizes (-Xss)
#   Set larger code cache with -XX:ReservedCodeCacheSize=
# This output file may be truncated or incomplete.
#
#  Out of Memory Error (os_linux.cpp:2627), pid=16545, tid=0x00007f324eb25700
#
# JRE version: OpenJDK Runtime Environment (8.0_76-b03) (build 1.8.0_76-release-b03)
# Java VM: OpenJDK 64-Bit Server VM (25.76-b03 mixed mode linux-amd64 compressed oops)
# Failed to write core dump. Core dumps have been disabled. To enable core dumping, try "ulimit -c unlimited" before starting Java again
#

---------------  T H R E A D  ---------------

Current thread (0x00007f326407f800):  VMThread [stack: 0x00007f324ea25000,0x00007f324eb26000] [id=16558]

Stack: [0x00007f324ea25000,0x00007f324eb26000],  sp=0x00007f324eb244d0,  free space=1021k
Native frames: (J=compiled Java code, j=interpreted, Vv=VM code, C=native code)
V  [libjvm.so+0x9d9fcd]  VMError::report_and_die()+0x15d
V  [libjvm.so+0x4b4d4a]  report_vm_out_of_memory(char const*, int, unsigned long, VMErrorType, char const*)+0x8a
V  [libjvm.so+0x845190]  os::pd_commit_memory(char*, unsigned long, unsigned long, bool)+0xf0
V  [libjvm.so+0x83fcbf]  os::commit_memory(char*, unsigned long, unsigned long, bool)+0x1f
V  [libjvm.so+0x8b4d9b]  PSVirtualSpace::expand_by(unsigned long)+0x5b
V  [libjvm.so+0x8a5b7b]  PSOldGen::expand_by(unsigned long) [clone .part.109]+0x1b
V  [libjvm.so+0x8a5d3b]  PSOldGen::expand(unsigned long) [clone .part.111]+0xdb
V  [libjvm.so+0x8a6618]  PSOldGen::resize(unsigned long)+0x188
V  [libjvm.so+0x8abc2c]  PSParallelCompact::invoke_no_policy(bool)+0x97c
V  [libjvm.so+0x8b2d3d]  PSScavenge::invoke()+0x17d
V  [libjvm.so+0x8681f3]  ParallelScavengeHeap::failed_mem_allocate(unsigned long)+0x63
V  [libjvm.so+0x9dba94]  VM_ParallelGCFailedAllocation::doit()+0x84
V  [libjvm.so+0x9dfe47]  VM_Operation::evaluate()+0x47
V  [libjvm.so+0x9de908]  VMThread::evaluate_operation(VM_Operation*)+0x2c8
V  [libjvm.so+0x9ded89]  VMThread::loop()+0x219
V  [libjvm.so+0x9df1d2]  VMThread::run()+0x72
V  [libjvm.so+0x8425b2]  java_start(Thread*)+0xf2

VM_Operation (0x00007f324db1e010): ParallelGCFailedAllocation, mode: safepoint, requested by thread 0x00007f3264208000


---------------  P R O C E S S  ---------------

Java Threads: ( => current thread )
  0x00007f326420b800 JavaThread "pool-2-thread-4" [_thread_blocked, id=16575, stack(0x00007f324d81d000,0x00007f324d91e000)]
  0x00007f326420a000 JavaThread "pool-2-thread-3" [_thread_blocked, id=16574, stack(0x00007f324d91e000,0x00007f324da1f000)]
  0x00007f3264208000 JavaThread "pool-2-thread-2" [_thread_blocked, id=16573, stack(0x00007f324da1f000,0x00007f324db20000)]
  0x00007f3264206800 JavaThread "pool-3-thread-1" [_thread_blocked, id=16572, stack(0x00007f324db20000,0x00007f324dc21000)]
  0x00007f3264205000 JavaThread "pool-2-thread-1" [_thread_blocked, id=16571, stack(0x00007f324dc21000,0x00007f324dd22000)]
  0x00007f32640d2000 JavaThread "Service Thread" daemon [_thread_blocked, id=16566, stack(0x00007f324df43000,0x00007f324e044000)]
  0x00007f32640c7000 JavaThread "C1 CompilerThread3" daemon [_thread_blocked, id=16565, stack(0x00007f324e044000,0x00007f324e145000)]
  0x00007f32640c5000 JavaThread "C2 CompilerThread2" daemon [_thread_blocked, id=16564, stack(0x00007f324e145000,0x00007f324e246000)]
  0x00007f32640c3000 JavaThread "C2 CompilerThread1" daemon [_thread_blocked, id=16563, stack(0x00007f324e246000,0x00007f324e347000)]
  0x00007f32640c0800 JavaThread "C2 CompilerThread0" daemon [_thread_blocked, id=16562, stack(0x00007f324e347000,0x00007f324e448000)]
  0x00007f32640bf000 JavaThread "Signal Dispatcher" daemon [_thread_blocked, id=16561, stack(0x00007f324e448000,0x00007f324e549000)]
  0x00007f326408c000 JavaThread "Finalizer" daemon [_thread_blocked, id=16560, stack(0x00007f324e823000,0x00007f324e924000)]
  0x00007f3264087800 JavaThread "Reference Handler" daemon [_thread_blocked, id=16559, stack(0x00007f324e924000,0x00007f324ea25000)]
  0x00007f326400a000 JavaThread "main" [_thread_blocked, id=16549, stack(0x00007f326d0dd000,0x00007f326d1de000)]

Other Threads:
=>0x00007f326407f800 VMThread [stack: 0x00007f324ea25000,0x00007f324eb26000] [id=16558]
  0x00007f32640d4800 WatcherThread [stack: 0x00007f324de42000,0x00007f324df43000] [id=16567]

VM state:at safepoint (normal execution)

VM Mutex/Monitor currently owned by a thread:  ([mutex/lock_event])
[0x00007f3264005fa0] ExpandHeap_lock - owner thread: 0x00007f326407f800
[0x00007f3264006620] Threads_lock - owner thread: 0x00007f326407f800
[0x00007f3264006b20] Heap_lock - owner thread: 0x00007f3264208000

Heap:
 PSYoungGen      total 1031680K, used 58769K [0x000000076ab00000, 0x00000007c0000000, 0x00000007c0000000)
  eden space 837632K, 0% used [0x000000076ab00000,0x000000076ab00000,0x000000079dd00000)
  from space 194048K, 30% used [0x000000079dd00000,0x00000007a1664700,0x00000007a9a80000)
  to   space 200192K, 0% used [0x00000007b3c80000,0x00000007b3c80000,0x00000007c0000000)
 ParOldGen       total 663552K, used 663251K [0x00000006c0000000, 0x00000006e8800000, 0x000000076ab00000)
  object space 663552K, 99% used [0x00000006c0000000,0x00000006e87b4f18,0x00000006e8800000)
 Metaspace       used 6563K, capacity 7280K, committed 7552K, reserved 1056768K
  class space    used 597K, capacity 616K, committed 640K, reserved 1048576K

Card table byte_map: [0x00007f326977e000,0x00007f3269f7f000] byte_map_base: 0x00007f326617e000

Marking Bits: (ParMarkBitMap*) 0x00007f326c5b01a0
 Begin Bits: [0x00007f3210000000, 0x00007f3214000000)
 End Bits:   [0x00007f3214000000, 0x00007f3218000000)

Polling page: 0x00007f326d200000

CodeCache: size=245760Kb used=15461Kb max_used=15475Kb free=230298Kb
 bounds [0x00007f3255000000, 0x00007f3255f40000, 0x00007f3264000000]
 total_blobs=3188 nmethods=2919 adapters=183
 compilation: enabled

Compilation events (10 events):
Event: 20,050 Thread 0x00007f32640c3000 nmethod 3084 0x00007f32551796d0 code [0x00007f32551798a0, 0x00007f325517a778]
Event: 20,050 Thread 0x00007f32640c3000 3099       4       com.android.dx.cf.code.Simulator$SimVisitor::visitConstant (332 bytes)
Event: 20,164 Thread 0x00007f32640c5000 nmethod 3097 0x00007f3255f32850 code [0x00007f3255f32be0, 0x00007f3255f34d50]
Event: 20,164 Thread 0x00007f32640c5000 3102       4       com.android.dx.rop.code.RegisterSpec::getBasicFrameType (10 bytes)
Event: 20,165 Thread 0x00007f32640c5000 nmethod 3102 0x00007f3255d9be90 code [0x00007f3255d9bfe0, 0x00007f3255d9c078]
Event: 20,166 Thread 0x00007f32640c5000 3103       4       com.android.dx.cf.code.Simulator$SimVisitor::visitLocal (329 bytes)
Event: 20,233 Thread 0x00007f32640c5000 nmethod 3103 0x00007f3255eeba10 code [0x00007f3255eebd00, 0x00007f3255eed570]
Event: 20,234 Thread 0x00007f32640c5000 3085       4       com.android.dx.util.ListIntSet::add (26 bytes)
Event: 20,249 Thread 0x00007f32640c5000 nmethod 3085 0x00007f3255194690 code [0x00007f3255194820, 0x00007f3255194f78]
Event: 20,249 Thread 0x00007f32640c5000 3086       4       com.android.dx.util.IntList::insert (115 bytes)

GC Heap History (10 events):
Event: 11,215 GC heap after
Heap after GC invocations=15 (full 3):
 PSYoungGen      total 815104K, used 125929K [0x000000076ab00000, 0x00000007a7580000, 0x00000007c0000000)
  eden space 689152K, 0% used [0x000000076ab00000,0x000000076ab00000,0x0000000794c00000)
  from space 125952K, 99% used [0x000000079fa80000,0x00000007a757a678,0x00000007a7580000)
  to   space 148480K, 0% used [0x0000000795380000,0x0000000795380000,0x000000079e480000)
 ParOldGen       total 430080K, used 270879K [0x00000006c0000000, 0x00000006da400000, 0x000000076ab00000)
  object space 430080K, 62% used [0x00000006c0000000,0x00000006d0887ce0,0x00000006da400000)
 Metaspace       used 6550K, capacity 7280K, committed 7552K, reserved 1056768K
  class space    used 596K, capacity 616K, committed 640K, reserved 1048576K
}
Event: 12,391 GC heap before
{Heap before GC invocations=16 (full 3):
 PSYoungGen      total 815104K, used 815081K [0x000000076ab00000, 0x00000007a7580000, 0x00000007c0000000)
  eden space 689152K, 100% used [0x000000076ab00000,0x0000000794c00000,0x0000000794c00000)
  from space 125952K, 99% used [0x000000079fa80000,0x00000007a757a678,0x00000007a7580000)
  to   space 148480K, 0% used [0x0000000795380000,0x0000000795380000,0x000000079e480000)
 ParOldGen       total 430080K, used 270879K [0x00000006c0000000, 0x00000006da400000, 0x000000076ab00000)
  object space 430080K, 62% used [0x00000006c0000000,0x00000006d0887ce0,0x00000006da400000)
 Metaspace       used 6550K, capacity 7280K, committed 7552K, reserved 1056768K
  class space    used 596K, capacity 616K, committed 640K, reserved 1048576K
Event: 13,959 GC heap after
Heap after GC invocations=16 (full 3):
 PSYoungGen      total 845312K, used 109980K [0x000000076ab00000, 0x00000007b3700000, 0x00000007c0000000)
  eden space 696832K, 0% used [0x000000076ab00000,0x000000076ab00000,0x0000000795380000)
  from space 148480K, 74% used [0x0000000795380000,0x000000079bee7220,0x000000079e480000)
  to   space 160256K, 0% used [0x00000007a9a80000,0x00000007a9a80000,0x00000007b3700000)
 ParOldGen       total 430080K, used 394784K [0x00000006c0000000, 0x00000006da400000, 0x000000076ab00000)
  object space 430080K, 91% used [0x00000006c0000000,0x00000006d8188080,0x00000006da400000)
 Metaspace       used 6550K, capacity 7280K, committed 7552K, reserved 1056768K
  class space    used 596K, capacity 616K, committed 640K, reserved 1048576K
}
Event: 13,959 GC heap before
{Heap before GC invocations=17 (full 4):
 PSYoungGen      total 845312K, used 109980K [0x000000076ab00000, 0x00000007b3700000, 0x00000007c0000000)
  eden space 696832K, 0% used [0x000000076ab00000,0x000000076ab00000,0x0000000795380000)
  from space 148480K, 74% used [0x0000000795380000,0x000000079bee7220,0x000000079e480000)
  to   space 160256K, 0% used [0x00000007a9a80000,0x00000007a9a80000,0x00000007b3700000)
 ParOldGen       total 430080K, used 394784K [0x00000006c0000000, 0x00000006da400000, 0x000000076ab00000)
  object space 430080K, 91% used [0x00000006c0000000,0x00000006d8188080,0x00000006da400000)
 Metaspace       used 6550K, capacity 7280K, committed 7552K, reserved 1056768K
  class space    used 596K, capacity 616K, committed 640K, reserved 1048576K
Event: 16,149 GC heap after
Heap after GC invocations=17 (full 4):
 PSYoungGen      total 845312K, used 71541K [0x000000076ab00000, 0x00000007b3700000, 0x00000007c0000000)
  eden space 696832K, 0% used [0x000000076ab00000,0x000000076ab00000,0x0000000795380000)
  from space 148480K, 48% used [0x0000000795380000,0x000000079995d418,0x000000079e480000)
  to   space 160256K, 0% used [0x00000007a9a80000,0x00000007a9a80000,0x00000007b3700000)
 ParOldGen       total 663552K, used 429590K [0x00000006c0000000, 0x00000006e8800000, 0x000000076ab00000)
  object space 663552K, 64% used [0x00000006c0000000,0x00000006da385b58,0x00000006e8800000)
 Metaspace       used 6550K, capacity 7280K, committed 7552K, reserved 1056768K
  class space    used 596K, capacity 616K, committed 640K, reserved 1048576K
}
Event: 17,166 GC heap before
{Heap before GC invocations=18 (full 4):
 PSYoungGen      total 845312K, used 768373K [0x000000076ab00000, 0x00000007b3700000, 0x00000007c0000000)
  eden space 696832K, 100% used [0x000000076ab00000,0x0000000795380000,0x0000000795380000)
  from space 148480K, 48% used [0x0000000795380000,0x000000079995d418,0x000000079e480000)
  to   space 160256K, 0% used [0x00000007a9a80000,0x00000007a9a80000,0x00000007b3700000)
 ParOldGen       total 663552K, used 429590K [0x00000006c0000000, 0x00000006e8800000, 0x000000076ab00000)
  object space 663552K, 64% used [0x00000006c0000000,0x00000006da385b58,0x00000006e8800000)
 Metaspace       used 6563K, capacity 7280K, committed 7552K, reserved 1056768K
  class space    used 597K, capacity 616K, committed 640K, reserved 1048576K
Event: 18,712 GC heap after
Heap after GC invocations=18 (full 4):
 PSYoungGen      total 997888K, used 160244K [0x000000076ab00000, 0x00000007b8900000, 0x00000007c0000000)
  eden space 837632K, 0% used [0x000000076ab00000,0x000000076ab00000,0x000000079dd00000)
  from space 160256K, 99% used [0x00000007a9a80000,0x00000007b36fd110,0x00000007b3700000)
  to   space 194048K, 0% used [0x000000079dd00000,0x000000079dd00000,0x00000007a9a80000)
 ParOldGen       total 663552K, used 447281K [0x00000006c0000000, 0x00000006e8800000, 0x000000076ab00000)
  object space 663552K, 67% used [0x00000006c0000000,0x00000006db4cc560,0x00000006e8800000)
 Metaspace       used 6563K, capacity 7280K, committed 7552K, reserved 1056768K
  class space    used 597K, capacity 616K, committed 640K, reserved 1048576K
}
Event: 20,251 GC heap before
{Heap before GC invocations=19 (full 4):
 PSYoungGen      total 997888K, used 997876K [0x000000076ab00000, 0x00000007b8900000, 0x00000007c0000000)
  eden space 837632K, 100% used [0x000000076ab00000,0x000000079dd00000,0x000000079dd00000)
  from space 160256K, 99% used [0x00000007a9a80000,0x00000007b36fd110,0x00000007b3700000)
  to   space 194048K, 0% used [0x000000079dd00000,0x000000079dd00000,0x00000007a9a80000)
 ParOldGen       total 663552K, used 447281K [0x00000006c0000000, 0x00000006e8800000, 0x000000076ab00000)
  object space 663552K, 67% used [0x00000006c0000000,0x00000006db4cc560,0x00000006e8800000)
 Metaspace       used 6563K, capacity 7280K, committed 7552K, reserved 1056768K
  class space    used 597K, capacity 616K, committed 640K, reserved 1048576K
Event: 20,970 GC heap after
Heap after GC invocations=19 (full 4):
 PSYoungGen      total 1031680K, used 120584K [0x000000076ab00000, 0x00000007c0000000, 0x00000007c0000000)
  eden space 837632K, 0% used [0x000000076ab00000,0x000000076ab00000,0x000000079dd00000)
  from space 194048K, 62% used [0x000000079dd00000,0x00000007a52c20f0,0x00000007a9a80000)
  to   space 200192K, 0% used [0x00000007b3c80000,0x00000007b3c80000,0x00000007c0000000)
 ParOldGen       total 663552K, used 608307K [0x00000006c0000000, 0x00000006e8800000, 0x000000076ab00000)
  object space 663552K, 91% used [0x00000006c0000000,0x00000006e520cc50,0x00000006e8800000)
 Metaspace       used 6563K, capacity 7280K, committed 7552K, reserved 1056768K
  class space    used 597K, capacity 616K, committed 640K, reserved 1048576K
}
Event: 20,970 GC heap before
{Heap before GC invocations=20 (full 5):
 PSYoungGen      total 1031680K, used 120584K [0x000000076ab00000, 0x00000007c0000000, 0x00000007c0000000)
  eden space 837632K, 0% used [0x000000076ab00000,0x000000076ab00000,0x000000079dd00000)
  from space 194048K, 62% used [0x000000079dd00000,0x00000007a52c20f0,0x00000007a9a80000)
  to   space 200192K, 0% used [0x00000007b3c80000,0x00000007b3c80000,0x00000007c0000000)
 ParOldGen       total 663552K, used 608307K [0x00000006c0000000, 0x00000006e8800000, 0x000000076ab00000)
  object space 663552K, 91% used [0x00000006c0000000,0x00000006e520cc50,0x00000006e8800000)
 Metaspace       used 6563K, capacity 7280K, committed 7552K, reserved 1056768K
  class space    used 597K, capacity 616K, committed 640K, reserved 1048576K

Deoptimization events (10 events):
Event: 19,698 Thread 0x00007f326400a000 Uncommon trap: reason=class_check action=maybe_recompile pc=0x00007f32553bb2b0 method=com.android.dx.ssa.back.InterferenceGraph.add(II)V @ 19
Event: 19,698 Thread 0x00007f326400a000 Uncommon trap: reason=class_check action=maybe_recompile pc=0x00007f3255ba457c method=com.android.dx.ssa.back.InterferenceGraph.add(II)V @ 19
Event: 19,846 Thread 0x00007f326400a000 Uncommon trap: reason=class_check action=maybe_recompile pc=0x00007f3255a27b90 method=com.android.dx.ssa.back.InterferenceGraph.mergeInterferenceSet(ILcom/android/dx/util/IntSet;)V @ 20
Event: 19,846 Thread 0x00007f326400a000 Uncommon trap: reason=class_check action=maybe_recompile pc=0x00007f325592c068 method=com.android.dx.util.BitIntSet.merge(Lcom/android/dx/util/IntSet;)V @ 1
Event: 19,847 Thread 0x00007f326400a000 Uncommon trap: reason=class_check action=maybe_recompile pc=0x00007f3255a27b90 method=com.android.dx.ssa.back.InterferenceGraph.mergeInterferenceSet(ILcom/android/dx/util/IntSet;)V @ 20
Event: 19,847 Thread 0x00007f326400a000 Uncommon trap: reason=class_check action=maybe_recompile pc=0x00007f325592c068 method=com.android.dx.util.BitIntSet.merge(Lcom/android/dx/util/IntSet;)V @ 1
Event: 19,847 Thread 0x00007f326400a000 Uncommon trap: reason=class_check action=maybe_recompile pc=0x00007f3255a27b90 method=com.android.dx.ssa.back.InterferenceGraph.mergeInterferenceSet(ILcom/android/dx/util/IntSet;)V @ 20
Event: 19,847 Thread 0x00007f326400a000 Uncommon trap: reason=class_check action=maybe_recompile pc=0x00007f325592c068 method=com.android.dx.util.BitIntSet.merge(Lcom/android/dx/util/IntSet;)V @ 1
Event: 19,851 Thread 0x00007f3264205000 Uncommon trap: reason=class_check action=maybe_recompile pc=0x00007f3255a27b90 method=com.android.dx.ssa.back.InterferenceGraph.mergeInterferenceSet(ILcom/android/dx/util/IntSet;)V @ 20
Event: 19,851 Thread 0x00007f3264205000 Uncommon trap: reason=class_check action=maybe_recompile pc=0x00007f325592c068 method=com.android.dx.util.BitIntSet.merge(Lcom/android/dx/util/IntSet;)V @ 1

Internal exceptions (8 events):
Event: 0,016 Thread 0x00007f326400a000 Exception <a 'java/lang/NoSuchMethodError': Method sun.misc.Unsafe.defineClass(Ljava/lang/String;[BII)Ljava/lang/Class; name or signature does not match> (0x000000076ab07cc0) thrown at [/ssd/Android/AOSP-openjdk/external/jetbrains/jdk/hotspot/src/share/vm
Event: 0,016 Thread 0x00007f326400a000 Exception <a 'java/lang/NoSuchMethodError': Method sun.misc.Unsafe.prefetchRead(Ljava/lang/Object;J)V name or signature does not match> (0x000000076ab07fa8) thrown at [/ssd/Android/AOSP-openjdk/external/jetbrains/jdk/hotspot/src/share/vm/prims/jni.cpp, li
Event: 0,871 Thread 0x00007f326420a000 Implicit null exception at 0x00007f325532f322 to 0x00007f325532f423
Event: 0,977 Thread 0x00007f326400a000 Implicit null exception at 0x00007f325538e98d to 0x00007f3255390545
Event: 1,173 Thread 0x00007f326420b800 Implicit null exception at 0x00007f3255397f98 to 0x00007f325539817d
Event: 1,547 Thread 0x00007f326420a000 Exception <a 'java/lang/ArrayIndexOutOfBoundsException': 18> (0x000000076b9b2b90) thrown at [/ssd/Android/AOSP-openjdk/external/jetbrains/jdk/hotspot/src/share/vm/interpreter/interpreterRuntime.cpp, line 366]
Event: 1,547 Thread 0x00007f326420a000 Exception <a 'java/lang/ArrayIndexOutOfBoundsException': 145> (0x000000076b9b4710) thrown at [/ssd/Android/AOSP-openjdk/external/jetbrains/jdk/hotspot/src/share/vm/interpreter/interpreterRuntime.cpp, line 366]
Event: 1,559 Thread 0x00007f326420a000 Exception <a 'java/lang/ArrayIndexOutOfBoundsException': 40> (0x000000076b9b59f8) thrown at [/ssd/Android/AOSP-openjdk/external/jetbrains/jdk/hotspot/src/share/vm/interpreter/interpreterRuntime.cpp, line 366]

Events (10 events):
Event: 19,928 Thread 0x00007f326400a000 DEOPT UNPACKING pc=0x00007f3255047373 sp=0x00007f326d1db738 mode 0
Event: 19,935 Thread 0x00007f3264205000 DEOPT PACKING pc=0x00007f3255e05c6b sp=0x00007f324dd202c0
Event: 19,935 Thread 0x00007f3264205000 DEOPT UNPACKING pc=0x00007f3255047373 sp=0x00007f324dd20038 mode 0
Event: 19,959 Thread 0x00007f3264208000 DEOPT PACKING pc=0x00007f3255e05c6b sp=0x00007f324db1e2c0
Event: 19,959 Thread 0x00007f3264208000 DEOPT UNPACKING pc=0x00007f3255047373 sp=0x00007f324db1e038 mode 0
Event: 19,980 Thread 0x00007f326420a000 DEOPT PACKING pc=0x00007f3255e05c6b sp=0x00007f324da1d2c0
Event: 19,980 Thread 0x00007f326420a000 DEOPT UNPACKING pc=0x00007f3255047373 sp=0x00007f324da1d038 mode 0
Event: 19,991 Thread 0x00007f326420b800 DEOPT PACKING pc=0x00007f3255e05c6b sp=0x00007f324d91c2c0
Event: 19,991 Thread 0x00007f326420b800 DEOPT UNPACKING pc=0x00007f3255047373 sp=0x00007f324d91c038 mode 0
Event: 20,250 Executing VM operation: ParallelGCFailedAllocation


Dynamic libraries:
00400000-00401000 r-xp 00000000 08:06 4336433                            /home/dezio/android-studio/jre/bin/java
00600000-00601000 r--p 00000000 08:06 4336433                            /home/dezio/android-studio/jre/bin/java
00601000-00602000 rw-p 00001000 08:06 4336433                            /home/dezio/android-studio/jre/bin/java
007d2000-007f3000 rw-p 00000000 00:00 0                                  [heap]
6c0000000-6e8800000 rw-p 00000000 00:00 0 
6fb200000-76ab00000 ---p 00000000 00:00 0 
76ab00000-7c0000000 rw-p 00000000 00:00 0 
7c0000000-7c00a0000 rw-p 00000000 00:00 0 
7c00a0000-800000000 ---p 00000000 00:00 0 
7f31d8000000-7f31d807b000 rw-p 00000000 00:00 0 
7f31d807b000-7f31dc000000 ---p 00000000 00:00 0 
7f31dc000000-7f31dc046000 rw-p 00000000 00:00 0 
7f31dc046000-7f31e0000000 ---p 00000000 00:00 0 
7f31e0000000-7f31e0021000 rw-p 00000000 00:00 0 
7f31e0021000-7f31e4000000 ---p 00000000 00:00 0 
7f31e4000000-7f31e4055000 rw-p 00000000 00:00 0 
7f31e4055000-7f31e8000000 ---p 00000000 00:00 0 
7f31e8000000-7f31e8021000 rw-p 00000000 00:00 0 
7f31e8021000-7f31ec000000 ---p 00000000 00:00 0 
7f31ec000000-7f31ec094000 rw-p 00000000 00:00 0 
7f31ec094000-7f31f0000000 ---p 00000000 00:00 0 
7f31f0000000-7f31f0811000 rw-p 00000000 00:00 0 
7f31f0811000-7f31f4000000 ---p 00000000 00:00 0 
7f31f4000000-7f31f4021000 rw-p 00000000 00:00 0 
7f31f4021000-7f31f8000000 ---p 00000000 00:00 0 
7f31f8000000-7f31f9ab5000 rw-p 00000000 00:00 0 
7f31f9ab5000-7f31fc000000 ---p 00000000 00:00 0 
7f31fc000000-7f31fceac000 rw-p 00000000 00:00 0 
7f31fceac000-7f3200000000 ---p 00000000 00:00 0 
7f3200000000-7f3200021000 rw-p 00000000 00:00 0 
7f3200021000-7f3204000000 ---p 00000000 00:00 0 
7f3204000000-7f3205253000 rw-p 00000000 00:00 0 
7f3205253000-7f3208000000 ---p 00000000 00:00 0 
7f3208000000-7f3208021000 rw-p 00000000 00:00 0 
7f3208021000-7f320c000000 ---p 00000000 00:00 0 
7f320c000000-7f320c021000 rw-p 00000000 00:00 0 
7f320c021000-7f3210000000 ---p 00000000 00:00 0 
7f3210000000-7f3218000000 rw-p 00000000 00:00 0 
7f3218000000-7f3218021000 rw-p 00000000 00:00 0 
7f3218021000-7f321c000000 ---p 00000000 00:00 0 
7f321c000000-7f321c287000 rw-p 00000000 00:00 0 
7f321c287000-7f3220000000 ---p 00000000 00:00 0 
7f3220000000-7f3220021000 rw-p 00000000 00:00 0 
7f3220021000-7f3224000000 ---p 00000000 00:00 0 
7f3228000000-7f3228021000 rw-p 00000000 00:00 0 
7f3228021000-7f322c000000 ---p 00000000 00:00 0 
7f3230000000-7f3230021000 rw-p 00000000 00:00 0 
7f3230021000-7f3234000000 ---p 00000000 00:00 0 
7f3238000000-7f3238021000 rw-p 00000000 00:00 0 
7f3238021000-7f323c000000 ---p 00000000 00:00 0 
7f3240000000-7f3240021000 rw-p 00000000 00:00 0 
7f3240021000-7f3244000000 ---p 00000000 00:00 0 
7f3248000000-7f3248021000 rw-p 00000000 00:00 0 
7f3248021000-7f324c000000 ---p 00000000 00:00 0 
7f324d7fb000-7f324d81d000 r--p 00000000 08:06 2628751                    /usr/share/locale-langpack/it/LC_MESSAGES/libc.mo
7f324d81d000-7f324d820000 ---p 00000000 00:00 0 
7f324d820000-7f324d91e000 rw-p 00000000 00:00 0 
7f324d91e000-7f324d921000 ---p 00000000 00:00 0 
7f324d921000-7f324da1f000 rw-p 00000000 00:00 0 
7f324da1f000-7f324da22000 ---p 00000000 00:00 0 
7f324da22000-7f324db20000 rw-p 00000000 00:00 0 
7f324db20000-7f324db23000 ---p 00000000 00:00 0 
7f324db23000-7f324dc21000 rw-p 00000000 00:00 0 
7f324dc21000-7f324dc24000 ---p 00000000 00:00 0 
7f324dc24000-7f324dd22000 rw-p 00000000 00:00 0 
7f324dd22000-7f324de42000 r--s 00c1b000 08:06 4341660                    /home/dezio/AndroidStudioProjects/TheWay/app/build/intermediates/transforms/jarMerging/debug/jars/1/1f/combined.jar
7f324de42000-7f324de43000 ---p 00000000 00:00 0 
7f324de43000-7f324df43000 rw-p 00000000 00:00 0 
7f324df43000-7f324df46000 ---p 00000000 00:00 0 
7f324df46000-7f324e044000 rw-p 00000000 00:00 0 
7f324e044000-7f324e047000 ---p 00000000 00:00 0 
7f324e047000-7f324e145000 rw-p 00000000 00:00 0 
7f324e145000-7f324e148000 ---p 00000000 00:00 0 
7f324e148000-7f324e246000 rw-p 00000000 00:00 0 
7f324e246000-7f324e249000 ---p 00000000 00:00 0 
7f324e249000-7f324e347000 rw-p 00000000 00:00 0 
7f324e347000-7f324e34a000 ---p 00000000 00:00 0 
7f324e34a000-7f324e448000 rw-p 00000000 00:00 0 
7f324e448000-7f324e44b000 ---p 00000000 00:00 0 
7f324e44b000-7f324e549000 rw-p 00000000 00:00 0 
7f324e549000-7f324e823000 r--p 00000000 08:06 1442648                    /usr/lib/locale/locale-archive
7f324e823000-7f324e826000 ---p 00000000 00:00 0 
7f324e826000-7f324e924000 rw-p 00000000 00:00 0 
7f324e924000-7f324e927000 ---p 00000000 00:00 0 
7f324e927000-7f324ea25000 rw-p 00000000 00:00 0 
7f324ea25000-7f324ea26000 ---p 00000000 00:00 0 
7f324ea26000-7f3250000000 rw-p 00000000 00:00 0 
7f3250000000-7f3250021000 rw-p 00000000 00:00 0 
7f3250021000-7f3254000000 ---p 00000000 00:00 0 
7f325400c000-7f3254633000 rw-p 00000000 00:00 0 
7f3254633000-7f3254800000 r--s 03bec000 08:06 4336489                    /home/dezio/android-studio/jre/jre/lib/rt.jar
7f3254800000-7f3254ec0000 rw-p 00000000 00:00 0 
7f3254ec0000-7f3255000000 ---p 00000000 00:00 0 
7f3255000000-7f3255f40000 rwxp 00000000 00:00 0 
7f3255f40000-7f3264000000 ---p 00000000 00:00 0 
7f3264000000-7f32643ef000 rw-p 00000000 00:00 0 
7f32643ef000-7f3268000000 ---p 00000000 00:00 0 
7f326801a000-7f3268a20000 rw-p 00000000 00:00 0 
7f3268a20000-7f3268a21000 ---p 00000000 00:00 0 
7f3268a21000-7f3268b21000 rw-p 00000000 00:00 0 
7f3268b21000-7f3268b22000 ---p 00000000 00:00 0 
7f3268b22000-7f3268c22000 rw-p 00000000 00:00 0 
7f3268c22000-7f3268c23000 ---p 00000000 00:00 0 
7f3268c23000-7f3268d23000 rw-p 00000000 00:00 0 
7f3268d23000-7f3268d24000 ---p 00000000 00:00 0 
7f3268d24000-7f3268e24000 rw-p 00000000 00:00 0 
7f3268e24000-7f3268e25000 ---p 00000000 00:00 0 
7f3268e25000-7f3268f25000 rw-p 00000000 00:00 0 
7f3268f25000-7f3268f26000 ---p 00000000 00:00 0 
7f3268f26000-7f3269026000 rw-p 00000000 00:00 0 
7f3269026000-7f3269027000 ---p 00000000 00:00 0 
7f3269027000-7f3269127000 rw-p 00000000 00:00 0 
7f3269127000-7f3269128000 ---p 00000000 00:00 0 
7f3269128000-7f326936c000 rw-p 00000000 00:00 0 
7f326936c000-7f326977e000 ---p 00000000 00:00 0 
7f326977e000-7f32698c2000 rw-p 00000000 00:00 0 
7f32698c2000-7f3269cd3000 ---p 00000000 00:00 0 
7f3269cd3000-7f3269f7e000 rw-p 00000000 00:00 0 
7f3269f7e000-7f3269fbc000 rw-p 00000000 00:00 0 
7f3269fbc000-7f326a33f000 ---p 00000000 00:00 0 
7f326a33f000-7f326a359000 r-xp 00000000 08:06 4336516                    /home/dezio/android-studio/jre/jre/lib/amd64/libzip.so
7f326a359000-7f326a559000 ---p 0001a000 08:06 4336516                    /home/dezio/android-studio/jre/jre/lib/amd64/libzip.so
7f326a559000-7f326a55a000 r--p 0001a000 08:06 4336516                    /home/dezio/android-studio/jre/jre/lib/amd64/libzip.so
7f326a55a000-7f326a55b000 rw-p 0001b000 08:06 4336516                    /home/dezio/android-studio/jre/jre/lib/amd64/libzip.so
7f326a55b000-7f326a566000 r-xp 00000000 08:06 1573102                    /lib/x86_64-linux-gnu/libnss_files-2.23.so
7f326a566000-7f326a765000 ---p 0000b000 08:06 1573102                    /lib/x86_64-linux-gnu/libnss_files-2.23.so
7f326a765000-7f326a766000 r--p 0000a000 08:06 1573102                    /lib/x86_64-linux-gnu/libnss_files-2.23.so
7f326a766000-7f326a767000 rw-p 0000b000 08:06 1573102                    /lib/x86_64-linux-gnu/libnss_files-2.23.so
7f326a767000-7f326a76d000 rw-p 00000000 00:00 0 
7f326a76d000-7f326a778000 r-xp 00000000 08:06 1573074                    /lib/x86_64-linux-gnu/libnss_nis-2.23.so
7f326a778000-7f326a977000 ---p 0000b000 08:06 1573074                    /lib/x86_64-linux-gnu/libnss_nis-2.23.so
7f326a977000-7f326a978000 r--p 0000a000 08:06 1573074                    /lib/x86_64-linux-gnu/libnss_nis-2.23.so
7f326a978000-7f326a979000 rw-p 0000b000 08:06 1573074                    /lib/x86_64-linux-gnu/libnss_nis-2.23.so
7f326a979000-7f326a98f000 r-xp 00000000 08:06 1573096                    /lib/x86_64-linux-gnu/libnsl-2.23.so
7f326a98f000-7f326ab8e000 ---p 00016000 08:06 1573096                    /lib/x86_64-linux-gnu/libnsl-2.23.so
7f326ab8e000-7f326ab8f000 r--p 00015000 08:06 1573096                    /lib/x86_64-linux-gnu/libnsl-2.23.so
7f326ab8f000-7f326ab90000 rw-p 00016000 08:06 1573096                    /lib/x86_64-linux-gnu/libnsl-2.23.so
7f326ab90000-7f326ab92000 rw-p 00000000 00:00 0 
7f326ab92000-7f326ab9a000 r-xp 00000000 08:06 1573098                    /lib/x86_64-linux-gnu/libnss_compat-2.23.so
7f326ab9a000-7f326ad99000 ---p 00008000 08:06 1573098                    /lib/x86_64-linux-gnu/libnss_compat-2.23.so
7f326ad99000-7f326ad9a000 r--p 00007000 08:06 1573098                    /lib/x86_64-linux-gnu/libnss_compat-2.23.so
7f326ad9a000-7f326ad9b000 rw-p 00008000 08:06 1573098                    /lib/x86_64-linux-gnu/libnss_compat-2.23.so
7f326ad9b000-7f326adc8000 r-xp 00000000 08:06 4336526                    /home/dezio/android-studio/jre/jre/lib/amd64/libjava.so
7f326adc8000-7f326afc7000 ---p 0002d000 08:06 4336526                    /home/dezio/android-studio/jre/jre/lib/amd64/libjava.so
7f326afc7000-7f326afc8000 r--p 0002c000 08:06 4336526                    /home/dezio/android-studio/jre/jre/lib/amd64/libjava.so
7f326afc8000-7f326afca000 rw-p 0002d000 08:06 4336526                    /home/dezio/android-studio/jre/jre/lib/amd64/libjava.so
7f326afca000-7f326afda000 r-xp 00000000 08:06 4336542                    /home/dezio/android-studio/jre/jre/lib/amd64/libverify.so
7f326afda000-7f326b1d9000 ---p 00010000 08:06 4336542                    /home/dezio/android-studio/jre/jre/lib/amd64/libverify.so
7f326b1d9000-7f326b1db000 r--p 0000f000 08:06 4336542                    /home/dezio/android-studio/jre/jre/lib/amd64/libverify.so
7f326b1db000-7f326b1dc000 rw-p 00011000 08:06 4336542                    /home/dezio/android-studio/jre/jre/lib/amd64/libverify.so
7f326b1dc000-7f326b1e3000 r-xp 00000000 08:06 1573072                    /lib/x86_64-linux-gnu/librt-2.23.so
7f326b1e3000-7f326b3e2000 ---p 00007000 08:06 1573072                    /lib/x86_64-linux-gnu/librt-2.23.so
7f326b3e2000-7f326b3e3000 r--p 00006000 08:06 1573072                    /lib/x86_64-linux-gnu/librt-2.23.so
7f326b3e3000-7f326b3e4000 rw-p 00007000 08:06 1573072                    /lib/x86_64-linux-gnu/librt-2.23.so
7f326b3e4000-7f326b4ec000 r-xp 00000000 08:06 1573092                    /lib/x86_64-linux-gnu/libm-2.23.so
7f326b4ec000-7f326b6eb000 ---p 00108000 08:06 1573092                    /lib/x86_64-linux-gnu/libm-2.23.so
7f326b6eb000-7f326b6ec000 r--p 00107000 08:06 1573092                    /lib/x86_64-linux-gnu/libm-2.23.so
7f326b6ec000-7f326b6ed000 rw-p 00108000 08:06 1573092                    /lib/x86_64-linux-gnu/libm-2.23.so
7f326b6ed000-7f326c2d3000 r-xp 00000000 08:06 4336546                    /home/dezio/android-studio/jre/jre/lib/amd64/server/libjvm.so
7f326c2d3000-7f326c4d3000 ---p 00be6000 08:06 4336546                    /home/dezio/android-studio/jre/jre/lib/amd64/server/libjvm.so
7f326c4d3000-7f326c572000 r--p 00be6000 08:06 4336546                    /home/dezio/android-studio/jre/jre/lib/amd64/server/libjvm.so
7f326c572000-7f326c59b000 rw-p 00c85000 08:06 4336546                    /home/dezio/android-studio/jre/jre/lib/amd64/server/libjvm.so
7f326c59b000-7f326c5dd000 rw-p 00000000 00:00 0 
7f326c5dd000-7f326c5f5000 r-xp 00000000 08:06 1573094                    /lib/x86_64-linux-gnu/libpthread-2.23.so
7f326c5f5000-7f326c7f4000 ---p 00018000 08:06 1573094                    /lib/x86_64-linux-gnu/libpthread-2.23.so
7f326c7f4000-7f326c7f5000 r--p 00017000 08:06 1573094                    /lib/x86_64-linux-gnu/libpthread-2.23.so
7f326c7f5000-7f326c7f6000 rw-p 00018000 08:06 1573094                    /lib/x86_64-linux-gnu/libpthread-2.23.so
7f326c7f6000-7f326c7fa000 rw-p 00000000 00:00 0 
7f326c7fa000-7f326c7fd000 r-xp 00000000 08:06 1573080                    /lib/x86_64-linux-gnu/libdl-2.23.so
7f326c7fd000-7f326c9fc000 ---p 00003000 08:06 1573080                    /lib/x86_64-linux-gnu/libdl-2.23.so
7f326c9fc000-7f326c9fd000 r--p 00002000 08:06 1573080                    /lib/x86_64-linux-gnu/libdl-2.23.so
7f326c9fd000-7f326c9fe000 rw-p 00003000 08:06 1573080                    /lib/x86_64-linux-gnu/libdl-2.23.so
7f326c9fe000-7f326cbbd000 r-xp 00000000 08:06 1573082                    /lib/x86_64-linux-gnu/libc-2.23.so
7f326cbbd000-7f326cdbd000 ---p 001bf000 08:06 1573082                    /lib/x86_64-linux-gnu/libc-2.23.so
7f326cdbd000-7f326cdc1000 r--p 001bf000 08:06 1573082                    /lib/x86_64-linux-gnu/libc-2.23.so
7f326cdc1000-7f326cdc3000 rw-p 001c3000 08:06 1573082                    /lib/x86_64-linux-gnu/libc-2.23.so
7f326cdc3000-7f326cdc7000 rw-p 00000000 00:00 0 
7f326cdc7000-7f326cddd000 r-xp 00000000 08:06 4336409                    /home/dezio/android-studio/jre/lib/amd64/jli/libjli.so
7f326cddd000-7f326cfdc000 ---p 00016000 08:06 4336409                    /home/dezio/android-studio/jre/lib/amd64/jli/libjli.so
7f326cfdc000-7f326cfdd000 r--p 00015000 08:06 4336409                    /home/dezio/android-studio/jre/lib/amd64/jli/libjli.so
7f326cfdd000-7f326cfde000 rw-p 00016000 08:06 4336409                    /home/dezio/android-studio/jre/lib/amd64/jli/libjli.so
7f326cfde000-7f326d004000 r-xp 00000000 08:06 1573060                    /lib/x86_64-linux-gnu/ld-2.23.so
7f326d00a000-7f326d0dd000 rw-p 00000000 00:00 0 
7f326d0dd000-7f326d0e0000 ---p 00000000 00:00 0 
7f326d0e0000-7f326d1e2000 rw-p 00000000 00:00 0 
7f326d1e2000-7f326d1e9000 r--s 00000000 08:06 1970190                    /usr/lib/x86_64-linux-gnu/gconv/gconv-modules.cache
7f326d1e9000-7f326d1f7000 r--s 000e0000 08:06 2641410                    /home/dezio/Android/Sdk/build-tools/25.0.0/lib/dx.jar
7f326d1f7000-7f326d1ff000 rw-s 00000000 08:06 336613                     /tmp/hsperfdata_dezio/16545
7f326d1ff000-7f326d200000 rw-p 00000000 00:00 0 
7f326d200000-7f326d201000 ---p 00000000 00:00 0 
7f326d201000-7f326d203000 rw-p 00000000 00:00 0 
7f326d203000-7f326d204000 r--p 00025000 08:06 1573060                    /lib/x86_64-linux-gnu/ld-2.23.so
7f326d204000-7f326d205000 rw-p 00026000 08:06 1573060                    /lib/x86_64-linux-gnu/ld-2.23.so
7f326d205000-7f326d206000 rw-p 00000000 00:00 0 
7ffe5ad8f000-7ffe5adb0000 rw-p 00000000 00:00 0                          [stack]
7ffe5add4000-7ffe5add6000 r--p 00000000 00:00 0                          [vvar]
7ffe5add6000-7ffe5add8000 r-xp 00000000 00:00 0                          [vdso]
ffffffffff600000-ffffffffff601000 r-xp 00000000 00:00 0                  [vsyscall]

VM Arguments:
jvm_args: -Djava.awt.headless=true -Xmx4g -Dfile.encoding=UTF-8 -Duser.country=IT -Duser.language=it -Duser.variant 
java_command: com.android.dx.command.Main --dex --num-threads=4 --multi-dex --main-dex-list /home/dezio/AndroidStudioProjects/TheWay/app/build/intermediates/multi-dex/debug/maindexlist.txt --output /home/dezio/AndroidStudioProjects/TheWay/app/build/intermediates/transforms/dex/debug/folders/1000/1f/main /home/dezio/AndroidStudioProjects/TheWay/app/build/intermediates/transforms/jarMerging/debug/jars/1/1f/combined.jar
java_class_path (initial): /home/dezio/Android/Sdk/build-tools/25.0.0/lib/dx.jar
Launcher Type: SUN_STANDARD

Environment Variables:
PATH=/home/dezio/.npm-global/bin:/home/dezio/bin:/home/dezio/.local/bin:/usr/local/sbin:/usr/local/bin:/usr/sbin:/usr/bin:/sbin:/bin:/usr/games:/usr/local/games:/snap/bin
SHELL=/bin/bash
DISPLAY=:0

Signal Handlers:
SIGSEGV: [libjvm.so+0x9daac0], sa_mask[0]=11111111011111111101111111111110, sa_flags=SA_RESTART|SA_SIGINFO
SIGBUS: [libjvm.so+0x9daac0], sa_mask[0]=11111111011111111101111111111110, sa_flags=SA_RESTART|SA_SIGINFO
SIGFPE: [libjvm.so+0x840d90], sa_mask[0]=11111111011111111101111111111110, sa_flags=SA_RESTART|SA_SIGINFO
SIGPIPE: [libjvm.so+0x840d90], sa_mask[0]=11111111011111111101111111111110, sa_flags=SA_RESTART|SA_SIGINFO
SIGXFSZ: [libjvm.so+0x840d90], sa_mask[0]=11111111011111111101111111111110, sa_flags=SA_RESTART|SA_SIGINFO
SIGILL: [libjvm.so+0x840d90], sa_mask[0]=11111111011111111101111111111110, sa_flags=SA_RESTART|SA_SIGINFO
SIGUSR1: SIG_DFL, sa_mask[0]=00000000000000000000000000000000, sa_flags=none
SIGUSR2: [libjvm.so+0x840c60], sa_mask[0]=00100000000000000000000000000000, sa_flags=SA_RESTART|SA_SIGINFO
SIGHUP: [libjvm.so+0x840e50], sa_mask[0]=11111111011111111101111111111110, sa_flags=SA_RESTART|SA_SIGINFO
SIGINT: [libjvm.so+0x840e50], sa_mask[0]=11111111011111111101111111111110, sa_flags=SA_RESTART|SA_SIGINFO
SIGTERM: [libjvm.so+0x840e50], sa_mask[0]=11111111011111111101111111111110, sa_flags=SA_RESTART|SA_SIGINFO
SIGQUIT: [libjvm.so+0x840e50], sa_mask[0]=11111111011111111101111111111110, sa_flags=SA_RESTART|SA_SIGINFO


---------------  S Y S T E M  ---------------

OS:DISTRIB_ID=Ubuntu
DISTRIB_RELEASE=16.04
DISTRIB_CODENAME=xenial
DISTRIB_DESCRIPTION="Ubuntu 16.04.2 LTS"

uname:Linux 4.4.0-64-generic #85-Ubuntu SMP Mon Feb 20 11:50:30 UTC 2017 x86_64
libc:glibc 2.23 NPTL 2.23 
rlimit: STACK 8192k, CORE 0k, NPROC 31332, NOFILE 65536, AS infinity
load average:5,57 3,19 1,86

/proc/meminfo:
MemTotal:        8084732 kB
MemFree:          140040 kB
MemAvailable:     103728 kB
Buffers:            4084 kB
Cached:           510516 kB
SwapCached:        29920 kB
Active:          5355632 kB
Inactive:        1234200 kB
Active(anon):    5285316 kB
Inactive(anon):  1165680 kB
Active(file):      70316 kB
Inactive(file):    68520 kB
Unevictable:          52 kB
Mlocked:              52 kB
SwapTotal:       1003516 kB
SwapFree:          56724 kB
Dirty:              1748 kB
Writeback:             0 kB
AnonPages:       6045620 kB
Mapped:          1373356 kB
Shmem:            375580 kB
Slab:             121572 kB
SReclaimable:      60512 kB
SUnreclaim:        61060 kB
KernelStack:       14752 kB
PageTables:        57896 kB
NFS_Unstable:          0 kB
Bounce:                0 kB
WritebackTmp:          0 kB
CommitLimit:     5045880 kB
Committed_AS:   13978116 kB
VmallocTotal:   34359738367 kB
VmallocUsed:           0 kB
VmallocChunk:          0 kB
HardwareCorrupted:     0 kB
AnonHugePages:   2488320 kB
CmaTotal:              0 kB
CmaFree:               0 kB
HugePages_Total:       0
HugePages_Free:        0
HugePages_Rsvd:        0
HugePages_Surp:        0
Hugepagesize:       2048 kB
DirectMap4k:      166176 kB
DirectMap2M:     6035456 kB
DirectMap1G:     2097152 kB


CPU:total 8 (4 cores per cpu, 2 threads per core) family 6 model 60 stepping 3, cmov, cx8, fxsr, mmx, sse, sse2, sse3, ssse3, sse4.1, sse4.2, popcnt, avx, avx2, aes, clmul, erms, lzcnt, ht, tsc, tscinvbit, bmi1, bmi2

/proc/cpuinfo:
processor	: 0
vendor_id	: GenuineIntel
cpu family	: 6
model		: 60
model name	: Intel(R) Core(TM) i7-4700MQ CPU @ 2.40GHz
stepping	: 3
microcode	: 0x1e
cpu MHz		: 2345.812
cache size	: 6144 KB
physical id	: 0
siblings	: 8
core id		: 0
cpu cores	: 4
apicid		: 0
initial apicid	: 0
fpu		: yes
fpu_exception	: yes
cpuid level	: 13
wp		: yes
flags		: fpu vme de pse tsc msr pae mce cx8 apic sep mtrr pge mca cmov pat pse36 clflush dts acpi mmx fxsr sse sse2 ss ht tm pbe syscall nx pdpe1gb rdtscp lm constant_tsc arch_perfmon pebs bts rep_good nopl xtopology nonstop_tsc aperfmperf eagerfpu pni pclmulqdq dtes64 monitor ds_cpl vmx est tm2 ssse3 sdbg fma cx16 xtpr pdcm pcid sse4_1 sse4_2 movbe popcnt tsc_deadline_timer aes xsave avx f16c rdrand lahf_lm abm epb tpr_shadow vnmi flexpriority ept vpid fsgsbase tsc_adjust bmi1 avx2 smep bmi2 erms invpcid xsaveopt dtherm ida arat pln pts
bugs		:
bogomips	: 4789.30
clflush size	: 64
cache_alignment	: 64
address sizes	: 39 bits physical, 48 bits virtual
power management:

processor	: 1
vendor_id	: GenuineIntel
cpu family	: 6
model		: 60
model name	: Intel(R) Core(TM) i7-4700MQ CPU @ 2.40GHz
stepping	: 3
microcode	: 0x1e
cpu MHz		: 2410.218
cache size	: 6144 KB
physical id	: 0
siblings	: 8
core id		: 1
cpu cores	: 4
apicid		: 2
initial apicid	: 2
fpu		: yes
fpu_exception	: yes
cpuid level	: 13
wp		: yes
flags		: fpu vme de pse tsc msr pae mce cx8 apic sep mtrr pge mca cmov pat pse36 clflush dts acpi mmx fxsr sse sse2 ss ht tm pbe syscall nx pdpe1gb rdtscp lm constant_tsc arch_perfmon pebs bts rep_good nopl xtopology nonstop_tsc aperfmperf eagerfpu pni pclmulqdq dtes64 monitor ds_cpl vmx est tm2 ssse3 sdbg fma cx16 xtpr pdcm pcid sse4_1 sse4_2 movbe popcnt tsc_deadline_timer aes xsave avx f16c rdrand lahf_lm abm epb tpr_shadow vnmi flexpriority ept vpid fsgsbase tsc_adjust bmi1 avx2 smep bmi2 erms invpcid xsaveopt dtherm ida arat pln pts
bugs		:
bogomips	: 4789.30
clflush size	: 64
cache_alignment	: 64
address sizes	: 39 bits physical, 48 bits virtual
power management:

processor	: 2
vendor_id	: GenuineIntel
cpu family	: 6
model		: 60
model name	: Intel(R) Core(TM) i7-4700MQ CPU @ 2.40GHz
stepping	: 3
microcode	: 0x1e
cpu MHz		: 2792.343
cache size	: 6144 KB
physical id	: 0
siblings	: 8
core id		: 2
cpu cores	: 4
apicid		: 4
initial apicid	: 4
fpu		: yes
fpu_exception	: yes
cpuid level	: 13
wp		: yes
flags		: fpu vme de pse tsc msr pae mce cx8 apic sep mtrr pge mca cmov pat pse36 clflush dts acpi mmx fxsr sse sse2 ss ht tm pbe syscall nx pdpe1gb rdtscp lm constant_tsc arch_perfmon pebs bts rep_good nopl xtopology nonstop_tsc aperfmperf eagerfpu pni pclmulqdq dtes64 monitor ds_cpl vmx est tm2 ssse3 sdbg fma cx16 xtpr pdcm pcid sse4_1 sse4_2 movbe popcnt tsc_deadline_timer aes xsave avx f16c rdrand lahf_lm abm epb tpr_shadow vnmi flexpriority ept vpid fsgsbase tsc_adjust bmi1 avx2 smep bmi2 erms invpcid xsaveopt dtherm ida arat pln pts
bugs		:
bogomips	: 4789.30
clflush size	: 64
cache_alignment	: 64
address sizes	: 39 bits physical, 48 bits virtual
power management:

processor	: 3
vendor_id	: GenuineIntel
cpu family	: 6
model		: 60
model name	: Intel(R) Core(TM) i7-4700MQ CPU @ 2.40GHz
stepping	: 3
microcode	: 0x1e
cpu MHz		: 2400.000
cache size	: 6144 KB
physical id	: 0
siblings	: 8
core id		: 3
cpu cores	: 4
apicid		: 6
initial apicid	: 6
fpu		: yes
fpu_exception	: yes
cpuid level	: 13
wp		: yes
flags		: fpu vme de pse tsc msr pae mce cx8 apic sep mtrr pge mca cmov pat pse36 clflush dts acpi mmx fxsr sse sse2 ss ht tm pbe syscall nx pdpe1gb rdtscp lm constant_tsc arch_perfmon pebs bts rep_good nopl xtopology nonstop_tsc aperfmperf eagerfpu pni pclmulqdq dtes64 monitor ds_cpl vmx est tm2 ssse3 sdbg fma cx16 xtpr pdcm pcid sse4_1 sse4_2 movbe popcnt tsc_deadline_timer aes xsave avx f16c rdrand lahf_lm abm epb tpr_shadow vnmi flexpriority ept vpid fsgsbase tsc_adjust bmi1 avx2 smep bmi2 erms invpcid xsaveopt dtherm ida arat pln pts
bugs		:
bogomips	: 4789.30
clflush size	: 64
cache_alignment	: 64
address sizes	: 39 bits physical, 48 bits virtual
power management:

processor	: 4
vendor_id	: GenuineIntel
cpu family	: 6
model		: 60
model name	: Intel(R) Core(TM) i7-4700MQ CPU @ 2.40GHz
stepping	: 3
microcode	: 0x1e
cpu MHz		: 3132.000
cache size	: 6144 KB
physical id	: 0
siblings	: 8
core id		: 0
cpu cores	: 4
apicid		: 1
initial apicid	: 1
fpu		: yes
fpu_exception	: yes
cpuid level	: 13
wp		: yes
flags		: fpu vme de pse tsc msr pae mce cx8 apic sep mtrr pge mca cmov pat pse36 clflush dts acpi mmx fxsr sse sse2 ss ht tm pbe syscall nx pdpe1gb rdtscp lm constant_tsc arch_perfmon pebs bts rep_good nopl xtopology nonstop_tsc aperfmperf eagerfpu pni pclmulqdq dtes64 monitor ds_cpl vmx est tm2 ssse3 sdbg fma cx16 xtpr pdcm pcid sse4_1 sse4_2 movbe popcnt tsc_deadline_timer aes xsave avx f16c rdrand lahf_lm abm epb tpr_shadow vnmi flexpriority ept vpid fsgsbase tsc_adjust bmi1 avx2 smep bmi2 erms invpcid xsaveopt dtherm ida arat pln pts
bugs		:
bogomips	: 4789.30
clflush size	: 64
cache_alignment	: 64
address sizes	: 39 bits physical, 48 bits virtual
power management:

processor	: 5
vendor_id	: GenuineIntel
cpu family	: 6
model		: 60
model name	: Intel(R) Core(TM) i7-4700MQ CPU @ 2.40GHz
stepping	: 3
microcode	: 0x1e
cpu MHz		: 2402.250
cache size	: 6144 KB
physical id	: 0
siblings	: 8
core id		: 1
cpu cores	: 4
apicid		: 3
initial apicid	: 3
fpu		: yes
fpu_exception	: yes
cpuid level	: 13
wp		: yes
flags		: fpu vme de pse tsc msr pae mce cx8 apic sep mtrr pge mca cmov pat pse36 clflush dts acpi mmx fxsr sse sse2 ss ht tm pbe syscall nx pdpe1gb rdtscp lm constant_tsc arch_perfmon pebs bts rep_good nopl xtopology nonstop_tsc aperfmperf eagerfpu pni pclmulqdq dtes64 monitor ds_cpl vmx est tm2 ssse3 sdbg fma cx16 xtpr pdcm pcid sse4_1 sse4_2 movbe popcnt tsc_deadline_timer aes xsave avx f16c rdrand lahf_lm abm epb tpr_shadow vnmi flexpriority ept vpid fsgsbase tsc_adjust bmi1 avx2 smep bmi2 erms invpcid xsaveopt dtherm ida arat pln pts
bugs		:
bogomips	: 4789.30
clflush size	: 64
cache_alignment	: 64
address sizes	: 39 bits physical, 48 bits virtual
power management:

processor	: 6
vendor_id	: GenuineIntel
cpu family	: 6
model		: 60
model name	: Intel(R) Core(TM) i7-4700MQ CPU @ 2.40GHz
stepping	: 3
microcode	: 0x1e
cpu MHz		: 2400.187
cache size	: 6144 KB
physical id	: 0
siblings	: 8
core id		: 2
cpu cores	: 4
apicid		: 5
initial apicid	: 5
fpu		: yes
fpu_exception	: yes
cpuid level	: 13
wp		: yes
flags		: fpu vme de pse tsc msr pae mce cx8 apic sep mtrr pge mca cmov pat pse36 clflush dts acpi mmx fxsr sse sse2 ss ht tm pbe syscall nx pdpe1gb rdtscp lm constant_tsc arch_perfmon pebs bts rep_good nopl xtopology nonstop_tsc aperfmperf eagerfpu pni pclmulqdq dtes64 monitor ds_cpl vmx est tm2 ssse3 sdbg fma cx16 xtpr pdcm pcid sse4_1 sse4_2 movbe popcnt tsc_deadline_timer aes xsave avx f16c rdrand lahf_lm abm epb tpr_shadow vnmi flexpriority ept vpid fsgsbase tsc_adjust bmi1 avx2 smep bmi2 erms invpcid xsaveopt dtherm ida arat pln pts
bugs		:
bogomips	: 4789.30
clflush size	: 64
cache_alignment	: 64
address sizes	: 39 bits physical, 48 bits virtual
power management:

processor	: 7
vendor_id	: GenuineIntel
cpu family	: 6
model		: 60
model name	: Intel(R) Core(TM) i7-4700MQ CPU @ 2.40GHz
stepping	: 3
microcode	: 0x1e
cpu MHz		: 2572.125
cache size	: 6144 KB
physical id	: 0
siblings	: 8
core id		: 3
cpu cores	: 4
apicid		: 7
initial apicid	: 7
fpu		: yes
fpu_exception	: yes
cpuid level	: 13
wp		: yes
flags		: fpu vme de pse tsc msr pae mce cx8 apic sep mtrr pge mca cmov pat pse36 clflush dts acpi mmx fxsr sse sse2 ss ht tm pbe syscall nx pdpe1gb rdtscp lm constant_tsc arch_perfmon pebs bts rep_good nopl xtopology nonstop_tsc aperfmperf eagerfpu pni pclmulqdq dtes64 monitor ds_cpl vmx est tm2 ssse3 sdbg fma cx16 xtpr pdcm pcid sse4_1 sse4_2 movbe popcnt tsc_deadline_timer aes xsave avx f16c rdrand lahf_lm abm epb tpr_shadow vnmi flexpriority ept vpid fsgsbase tsc_adjust bmi1 avx2 smep bmi2 erms invpcid xsaveopt dtherm ida arat pln pts
bugs		:
bogomips	: 4789.30
clflush size	: 64
cache_alignment	: 64
address sizes	: 39 bits physical, 48 bits virtual
power management:



Memory: 4k page, physical 8084732k(140040k free), swap 1003516k(56724k free)

vm_info: OpenJDK 64-Bit Server VM (25.76-b03) for linux-amd64 JRE (1.8.0_76-release-b03), built on Jun 29 2016 09:39:19 by "builder" with gcc 4.8.4

time: Sun Mar 12 14:01:38 2017
elapsed time: 26 seconds (0d 0h 0m 26s)

